<?xml version="1.0" encoding="UTF-8"?>
<!-- Generated by org.testng.reporters.JUnitReportReporter -->
<testsuite hostname="LTIN284147" failures="0" tests="4" name="testCases.TC_04FormFilling" time="45.413" errors="0" timestamp="2024-02-28T09:38:52 IST" skipped="0">
  <testcase classname="testCases.TC_04FormFilling" name="Enterprise" time="19.699"/>
  <testcase classname="testCases.TC_04FormFilling" name="form" time="10.963"/>
  <testcase classname="testCases.TC_04FormFilling" name="startfillingform" time="12.548"/>
  <testcase classname="testCases.TC_04FormFilling" name="messageDisplay" time="2.203"/>
</testsuite> <!-- testCases.TC_04FormFilling -->
