<?xml version="1.0" encoding="UTF-8"?>
<!-- Generated by org.testng.reporters.JUnitReportReporter -->
<testsuite hostname="LTIN527228" failures="0" tests="2" name="testCases.TC_03LanguageLearning" time="39.110" errors="0" timestamp="2025-10-02T13:21:07 IST" skipped="0">
  <testcase classname="testCases.TC_03LanguageLearning" name="search_Language" time="8.999"/>
  <testcase classname="testCases.TC_03LanguageLearning" name="show_FiveCourses" time="30.111"/>
</testsuite> <!-- testCases.TC_03LanguageLearning -->
