<?xml version="1.0" encoding="UTF-8"?>
<!-- Generated by org.testng.reporters.JUnitReportReporter -->
<testsuite hostname="LTIN284147" failures="0" tests="2" name="testCases.TC_03LanguageLearning" time="412.995" errors="0" timestamp="2024-02-28T09:38:52 IST" skipped="0">
  <testcase classname="testCases.TC_03LanguageLearning" name="search_Language" time="13.640"/>
  <testcase classname="testCases.TC_03LanguageLearning" name="show_FiveCourses" time="399.355"/>
</testsuite> <!-- testCases.TC_03LanguageLearning -->
