<?xml version="1.0" encoding="UTF-8"?>
<!-- Generated by org.testng.reporters.JUnitReportReporter -->
<testsuite hostname="LTIN527228" failures="0" tests="6" name="testCases.TC_02Webdevelopment" time="11.324" errors="0" timestamp="2025-10-02T12:40:08 IST" skipped="0">
  <testcase classname="testCases.TC_02Webdevelopment" name="course_search" time="7.712"/>
  <testcase classname="testCases.TC_02Webdevelopment" name="level_select" time="2.457"/>
  <testcase classname="testCases.TC_02Webdevelopment" name="language_select" time="0.671"/>
  <testcase classname="testCases.TC_02Webdevelopment" name="ScrolluptoSearch" time="0.016"/>
  <testcase classname="testCases.TC_02Webdevelopment" name="firstcourseselect" time="0.346"/>
  <testcase classname="testCases.TC_02Webdevelopment" name="secondcourseselect" time="0.122"/>
</testsuite> <!-- testCases.TC_02Webdevelopment -->
