<?xml version="1.0" encoding="UTF-8"?>
<!-- Generated by org.testng.reporters.JUnitReportReporter -->
<testsuite hostname="LTIN284147" failures="0" tests="6" name="testCases.TC_02Webdevelopment" time="24.185" errors="0" timestamp="2024-02-28T09:38:52 IST" skipped="0">
  <testcase classname="testCases.TC_02Webdevelopment" name="course_search" time="11.870"/>
  <testcase classname="testCases.TC_02Webdevelopment" name="level_select" time="3.588"/>
  <testcase classname="testCases.TC_02Webdevelopment" name="language_select" time="1.871"/>
  <testcase classname="testCases.TC_02Webdevelopment" name="ScrolluptoSearch" time="0.068"/>
  <testcase classname="testCases.TC_02Webdevelopment" name="firstcourseselect" time="5.159"/>
  <testcase classname="testCases.TC_02Webdevelopment" name="secondcourseselect" time="1.629"/>
</testsuite> <!-- testCases.TC_02Webdevelopment -->
