<?xml version="1.0" encoding="UTF-8"?>
<!-- Generated by org.testng.reporters.JUnitReportReporter -->
<testsuite hostname="LTIN284147" failures="0" tests="2" name="testCases.TC_01CourseraPage" time="20.848" errors="0" timestamp="2024-02-28T09:38:52 IST" skipped="0">
  <testcase classname="testCases.TC_01CourseraPage" name="surveyvisibility" time="20.313"/>
  <testcase classname="testCases.TC_01CourseraPage" name="TitleVerification" time="0.535"/>
</testsuite> <!-- testCases.TC_01CourseraPage -->
