<?xml version="1.0" encoding="UTF-8"?>
<!-- Generated by org.testng.reporters.JUnitReportReporter -->
<testsuite hostname="LTIN527228" failures="0" tests="6" name="testCases.TC_02Webdevelopment" time="54.006" errors="0" timestamp="2025-10-02T13:21:07 IST" skipped="0">
  <testcase classname="testCases.TC_02Webdevelopment" name="course_search" time="6.837"/>
  <testcase classname="testCases.TC_02Webdevelopment" name="level_select" time="2.663"/>
  <testcase classname="testCases.TC_02Webdevelopment" name="language_select" time="1.239"/>
  <testcase classname="testCases.TC_02Webdevelopment" name="ScrolluptoSearch" time="0.016"/>
  <testcase classname="testCases.TC_02Webdevelopment" name="firstcourseselect" time="22.860"/>
  <testcase classname="testCases.TC_02Webdevelopment" name="secondcourseselect" time="20.391"/>
</testsuite> <!-- testCases.TC_02Webdevelopment -->
