<?xml version="1.0" encoding="UTF-8"?>
<!-- Generated by org.testng.reporters.JUnitReportReporter -->
<testsuite hostname="LTIN527228" failures="0" tests="2" name="testCases.TC_03LanguageLearning" time="38.809" errors="0" timestamp="2025-10-02T12:40:08 IST" skipped="0">
  <testcase classname="testCases.TC_03LanguageLearning" name="search_Language" time="8.703"/>
  <testcase classname="testCases.TC_03LanguageLearning" name="show_FiveCourses" time="30.106"/>
</testsuite> <!-- testCases.TC_03LanguageLearning -->
