<?xml version="1.0" encoding="UTF-8"?>
<!-- Generated by org.testng.reporters.JUnitReportReporter -->
<testsuite hostname="LTIN527228" failures="0" tests="2" name="testCases.TC_01CourseraPage" time="20.443" errors="0" timestamp="2025-10-02T13:27:00 IST" skipped="0">
  <testcase classname="testCases.TC_01CourseraPage" name="surveyvisibility" time="20.180"/>
  <testcase classname="testCases.TC_01CourseraPage" name="TitleVerification" time="0.263"/>
</testsuite> <!-- testCases.TC_01CourseraPage -->
